Build started 05.02.2022 15:15:22.
     1>Project "C:\thundersleavessource\sp\src\game\client\client_episodic.vcxproj" on node 2 (Build target(s)).
     1>C:\Program Files (x86)\MSBuild\Microsoft.Cpp\v4.0\V120\Microsoft.CppBuild.targets(364,5): warning MSB8004: Output Directory does not end with a trailing slash.  This build instance will add the slash as it is required to allow proper evaluation of the Output Directory.
     1>PreBuildEvent:
         if EXIST ..\..\..\game\mod_episodic\bin\.\client.dll for /f "delims=" %%A in ('attrib "..\..\..\game\mod_episodic\bin\.\client.dll"') do set valveTmpIsReadOnly="%%A"
         set valveTmpIsReadOnlyLetter=%valveTmpIsReadOnly:~6,1%
         if "%valveTmpIsReadOnlyLetter%"=="R" del /q "C:\Steam\steamapps\sourcemods\Thundersleaves\bin\"client.dll
         if exist "..\..\devtools\bin\vpc.exe" "..\..\devtools\bin\vpc.exe" -crc2 "client_episodic.vcxproj"
         if ERRORLEVEL 1 exit /b 1
         
         :VCEnd
       Link:
         client_episodic.vcxproj -> C:\Steam\steamapps\sourcemods\Thundersleaves\bin\client.dll
       PostBuildEvent:
         if not exist "..\..\..\game\mod_episodic\bin\." mkdir "..\..\..\game\mod_episodic\bin\."
         copy "C:\Steam\steamapps\sourcemods\Thundersleaves\bin\client.dll" "..\..\..\game\mod_episodic\bin\.\client.dll"
         if ERRORLEVEL 1 goto BuildEventFailed
         if exist "C:\Steam\steamapps\sourcemods\Thundersleaves\bin\client.map" copy "C:\Steam\steamapps\sourcemods\Thundersleaves\bin\client.map" ..\..\..\game\mod_episodic\bin\.\client.map
         copy "C:\Steam\steamapps\sourcemods\Thundersleaves\bin\client.pdb" ..\..\..\game\mod_episodic\bin\.\client.pdb
         if ERRORLEVEL 1 goto BuildEventFailed
         goto BuildEventOK
         :BuildEventFailed
         echo *** ERROR! PostBuildStep FAILED for Client (Episodic)! EXE or DLL is probably running. ***
         del /q "C:\Steam\steamapps\sourcemods\Thundersleaves\bin\client.dll"
         exit 1
         :BuildEventOK
         
         :VCEnd
         Скопировано файлов:         1.
         Не удается найти указанный файл.
         *** ERROR! PostBuildStep FAILED for Client (Episodic)! EXE or DLL is probably running. ***
     1>C:\Program Files (x86)\MSBuild\Microsoft.Cpp\v4.0\V120\Microsoft.CppCommon.targets(132,5): error MSB3073: The command "if not exist "..\..\..\game\mod_episodic\bin\." mkdir "..\..\..\game\mod_episodic\bin\."
C:\Program Files (x86)\MSBuild\Microsoft.Cpp\v4.0\V120\Microsoft.CppCommon.targets(132,5): error MSB3073: copy "C:\Steam\steamapps\sourcemods\Thundersleaves\bin\client.dll" "..\..\..\game\mod_episodic\bin\.\client.dll"
C:\Program Files (x86)\MSBuild\Microsoft.Cpp\v4.0\V120\Microsoft.CppCommon.targets(132,5): error MSB3073: if ERRORLEVEL 1 goto BuildEventFailed
C:\Program Files (x86)\MSBuild\Microsoft.Cpp\v4.0\V120\Microsoft.CppCommon.targets(132,5): error MSB3073: if exist "C:\Steam\steamapps\sourcemods\Thundersleaves\bin\client.map" copy "C:\Steam\steamapps\sourcemods\Thundersleaves\bin\client.map" ..\..\..\game\mod_episodic\bin\.\client.map
C:\Program Files (x86)\MSBuild\Microsoft.Cpp\v4.0\V120\Microsoft.CppCommon.targets(132,5): error MSB3073: copy "C:\Steam\steamapps\sourcemods\Thundersleaves\bin\client.pdb" ..\..\..\game\mod_episodic\bin\.\client.pdb
C:\Program Files (x86)\MSBuild\Microsoft.Cpp\v4.0\V120\Microsoft.CppCommon.targets(132,5): error MSB3073: if ERRORLEVEL 1 goto BuildEventFailed
C:\Program Files (x86)\MSBuild\Microsoft.Cpp\v4.0\V120\Microsoft.CppCommon.targets(132,5): error MSB3073: goto BuildEventOK
C:\Program Files (x86)\MSBuild\Microsoft.Cpp\v4.0\V120\Microsoft.CppCommon.targets(132,5): error MSB3073: :BuildEventFailed
C:\Program Files (x86)\MSBuild\Microsoft.Cpp\v4.0\V120\Microsoft.CppCommon.targets(132,5): error MSB3073: echo *** ERROR! PostBuildStep FAILED for Client (Episodic)! EXE or DLL is probably running. ***
C:\Program Files (x86)\MSBuild\Microsoft.Cpp\v4.0\V120\Microsoft.CppCommon.targets(132,5): error MSB3073: del /q "C:\Steam\steamapps\sourcemods\Thundersleaves\bin\client.dll"
C:\Program Files (x86)\MSBuild\Microsoft.Cpp\v4.0\V120\Microsoft.CppCommon.targets(132,5): error MSB3073: exit 1
C:\Program Files (x86)\MSBuild\Microsoft.Cpp\v4.0\V120\Microsoft.CppCommon.targets(132,5): error MSB3073: :BuildEventOK
C:\Program Files (x86)\MSBuild\Microsoft.Cpp\v4.0\V120\Microsoft.CppCommon.targets(132,5): error MSB3073: 
C:\Program Files (x86)\MSBuild\Microsoft.Cpp\v4.0\V120\Microsoft.CppCommon.targets(132,5): error MSB3073: :VCEnd" exited with code 1.
     1>Done Building Project "C:\thundersleavessource\sp\src\game\client\client_episodic.vcxproj" (Build target(s)) -- FAILED.

Build FAILED.

Time Elapsed 00:00:00.85
